This formula doesn't require compiling.
==> Determining autoconf bottle rebuild...
==> Bottling autoconf-2.69.x86_64_linux.bottle.tar.gz...
./autoconf-2.69.x86_64_linux.bottle.tar.gz
  bottle do
    cellar :any_skip_relocation
    sha256 "be5a281e89bc3a9dc2f2a9ce6e121dc73d26946ce5ac2e28081c2687536839c6" => :x86_64_linux
  end
==> Determining automake bottle rebuild...
==> Bottling automake-1.15.1.x86_64_linux.bottle.1.tar.gz...
./automake-1.15.1.x86_64_linux.bottle.1.tar.gz
  bottle do
    cellar :any_skip_relocation
    rebuild 1
    sha256 "9135b7363be5d15d8a7a434ce35fdd2b3da2abe32b1a41c37c95bf03785494e1" => :x86_64_linux
  end
==> Determining bash-completion bottle rebuild...
==> Bottling bash-completion-1.3_2.x86_64_linux.bottle.1.tar.gz...
./bash-completion-1.3_2.x86_64_linux.bottle.1.tar.gz
  bottle do
    cellar :any_skip_relocation
    rebuild 1
    sha256 "22d7b552aa302d337011e03e885d5b5e8f0a1c849ae1810e9c3bd79f48ba7a5b" => :x86_64_linux
  end
==> Determining berkeley-db bottle rebuild...
==> Bottling berkeley-db-6.2.32.x86_64_linux.bottle.1.tar.gz...
==> Detecting if berkeley-db-6.2.32.x86_64_linux.bottle.1.tar.gz is relocatable...
./berkeley-db-6.2.32.x86_64_linux.bottle.1.tar.gz
  bottle do
    cellar :any_skip_relocation
    rebuild 1
    sha256 "b60084f0889badfc656c8dc25ad7f3aeb7852487315481f1d0f0f682febbc573" => :x86_64_linux
  end
==> Determining berkeley-db@4 bottle rebuild...
==> Bottling berkeley-db@4-4.8.30.x86_64_linux.bottle.1.tar.gz...
==> Detecting if berkeley-db@4-4.8.30.x86_64_linux.bottle.1.tar.gz is relocatable...
./berkeley-db@4-4.8.30.x86_64_linux.bottle.1.tar.gz
  bottle do
    cellar :any_skip_relocation
    rebuild 1
    sha256 "0cb7c045f5a0123ee5d4547b9000d5ce51a8d6ce3ea6557a1fda90f609b0f1ad" => :x86_64_linux
  end
==> Determining bzip2 bottle rebuild...
==> Bottling bzip2-1.0.6_1.x86_64_linux.bottle.1.tar.gz...
./bzip2-1.0.6_1.x86_64_linux.bottle.1.tar.gz
  bottle do
    cellar :any_skip_relocation
    rebuild 1
    sha256 "c8fd09e2b09cb5b6395eda7250ecdf551653e90eec09bf9ce5051abf1c19b2c6" => :x86_64_linux
  end
==> Determining cairo bottle rebuild...
==> Bottling cairo-1.14.10_1.x86_64_linux.bottle.1.tar.gz...
==> Detecting if cairo-1.14.10_1.x86_64_linux.bottle.1.tar.gz is relocatable...
./cairo-1.14.10_1.x86_64_linux.bottle.1.tar.gz
  bottle do
    rebuild 1
    sha256 "1f1b791cb8dcfb27b93ea042aeb112b180816797920a5047a781f5c22a3b1296" => :x86_64_linux
  end
==> Determining curl bottle rebuild...
==> Bottling curl-7.54.1.x86_64_linux.bottle.1.tar.gz...
./curl-7.54.1.x86_64_linux.bottle.1.tar.gz
  bottle do
    rebuild 1
    sha256 "627b976af28f40251c120acbc533a156845e4ac7fd285970f75818e0bab40067" => :x86_64_linux
  end
==> Determining expat bottle rebuild...
==> Bottling expat-2.2.3.x86_64_linux.bottle.1.tar.gz...
./expat-2.2.3.x86_64_linux.bottle.1.tar.gz
  bottle do
    rebuild 1
    sha256 "ae7a2f41afcbfcc6fc1ffe0b44b362a262ec7d053496322f960245d16ffff10f" => :x86_64_linux
  end
==> Determining fontconfig bottle rebuild...
==> Bottling fontconfig-2.12.4_1.x86_64_linux.bottle.1.tar.gz...
==> Detecting if fontconfig-2.12.4_1.x86_64_linux.bottle.1.tar.gz is relocatable...
./fontconfig-2.12.4_1.x86_64_linux.bottle.1.tar.gz
  bottle do
    rebuild 1
    sha256 "b66a13581decab3588f339b824156d15c83f64eb70802e24269716eeebd9fcd3" => :x86_64_linux
  end
==> Determining freetype bottle rebuild...
==> Bottling freetype-2.8.x86_64_linux.bottle.1.tar.gz...
==> Detecting if freetype-2.8.x86_64_linux.bottle.1.tar.gz is relocatable...
./freetype-2.8.x86_64_linux.bottle.1.tar.gz
  bottle do
    rebuild 1
    sha256 "7433c9a086922459e9cb3328221614864fe24a07c86e15b7d91295ddc80178f8" => :x86_64_linux
  end
==> Determining gawk bottle rebuild...
==> Bottling gawk-4.1.4_1.x86_64_linux.bottle.1.tar.gz...
==> Detecting if gawk-4.1.4_1.x86_64_linux.bottle.1.tar.gz is relocatable...
./gawk-4.1.4_1.x86_64_linux.bottle.1.tar.gz
  bottle do
    rebuild 1
    sha256 "e1627c2fcc45d974acdf0eeb1fe92afa7a8bbeec1a85f7dfaf26314a6890ea0a" => :x86_64_linux
  end
==> Determining gcc bottle rebuild...
==> Bottling gcc-5.3.0.x86_64_linux.bottle.1.tar.gz...
==> Detecting if gcc-5.3.0.x86_64_linux.bottle.1.tar.gz is relocatable...
./gcc-5.3.0.x86_64_linux.bottle.1.tar.gz
  bottle do
    rebuild 1
    sha256 "569875255503ed9aa91b8e2210ed7d1a6df75aa52cf6918c8bfe986d5f27ae26" => :x86_64_linux
  end
==> Determining gdbm bottle rebuild...
==> Bottling gdbm-1.13_1.x86_64_linux.bottle.1.tar.gz...
./gdbm-1.13_1.x86_64_linux.bottle.1.tar.gz
  bottle do
    rebuild 1
    sha256 "5098db81a6dfe5931b21c832491d62da4220f96bfc445e7fd4f330c0e92ea846" => :x86_64_linux
  end
==> Determining gettext bottle rebuild...
==> Bottling gettext-0.19.8.1.x86_64_linux.bottle.1.tar.gz...
==> Detecting if gettext-0.19.8.1.x86_64_linux.bottle.1.tar.gz is relocatable...
./gettext-0.19.8.1.x86_64_linux.bottle.1.tar.gz
  bottle do
    rebuild 1
    sha256 "1ac26dcb841886322ef27775fdfd3e01b3b2089fa44a3fbba6f26fd35f2e40bb" => :x86_64_linux
  end
==> Determining gmp bottle rebuild...
==> Bottling gmp-6.1.1.x86_64_linux.bottle.tar.gz...
./gmp-6.1.1.x86_64_linux.bottle.tar.gz
  bottle do
    cellar :any_skip_relocation
    sha256 "23a7a921b77365615b7855021418b307e79882cec727508218f6dfe580fe6a6a" => :x86_64_linux
  end
==> Determining go bottle rebuild...
==> Bottling go-1.8.3.x86_64_linux.bottle.1.tar.gz...
==> Detecting if go-1.8.3.x86_64_linux.bottle.1.tar.gz is relocatable...
./go-1.8.3.x86_64_linux.bottle.1.tar.gz
  bottle do
    rebuild 1
    sha256 "67dc338b9c0e925428c08c4c7abb5446b67fb4c650fd354f3065a59516732903" => :x86_64_linux
  end
==> Determining gperf bottle rebuild...
==> Bottling gperf-3.1.x86_64_linux.bottle.1.tar.gz...
./gperf-3.1.x86_64_linux.bottle.1.tar.gz
  bottle do
    cellar :any_skip_relocation
    rebuild 1
    sha256 "5175148b361dccc5543d9c0e04c1e2081c29cd923159b6a7c8393dc42fd57ddd" => :x86_64_linux
  end
This formula doesn't require compiling.
==> Determining graphviz bottle rebuild...
==> Bottling graphviz-2.40.1.x86_64_linux.bottle.tar.gz...
==> Detecting if graphviz-2.40.1.x86_64_linux.bottle.tar.gz is relocatable...
./graphviz-2.40.1.x86_64_linux.bottle.tar.gz
  bottle do
    sha256 "6fd7a33a66129e6866fb75294c3a2fbda7c26972adc2bb2410754c07bcc687dc" => :x86_64_linux
  end
==> Determining icu4c bottle rebuild...
==> Bottling icu4c-58.2.x86_64_linux.bottle.1.tar.gz...
==> Detecting if icu4c-58.2.x86_64_linux.bottle.1.tar.gz is relocatable...
./icu4c-58.2.x86_64_linux.bottle.1.tar.gz
  bottle do
    cellar :any_skip_relocation
    rebuild 1
    sha256 "83583939e87986d0121d669d3d8d63d8058048d0fea000d45cc7bd1239052986" => :x86_64_linux
  end
==> Determining isl bottle rebuild...
==> Bottling isl-0.15.x86_64_linux.bottle.1.tar.gz...
==> Detecting if isl-0.15.x86_64_linux.bottle.1.tar.gz is relocatable...
./isl-0.15.x86_64_linux.bottle.1.tar.gz
  bottle do
    cellar :any_skip_relocation
    rebuild 1
    sha256 "d9b5829d13280f18f6a2749e7f0a00ea6b098191d352cd3a036e3ca5314bf607" => :x86_64_linux
  end
==> Determining jdk bottle rebuild...
==> Bottling jdk-1.8.0-144.x86_64_linux.bottle.1.tar.gz...
==> Detecting if jdk-1.8.0-144.x86_64_linux.bottle.1.tar.gz is relocatable...
./jdk-1.8.0-144.x86_64_linux.bottle.1.tar.gz
  bottle do
    cellar :any_skip_relocation
    rebuild 1
    sha256 "0aa64fd7eca48fbdaac182dac11bcc148eae21661fc238bfb4fb11d78a4edbbc" => :x86_64_linux
  end
==> Determining jpeg bottle rebuild...
==> Bottling jpeg-9b.x86_64_linux.bottle.1.tar.gz...
==> Detecting if jpeg-9b.x86_64_linux.bottle.1.tar.gz is relocatable...
./jpeg-9b.x86_64_linux.bottle.1.tar.gz
  bottle do
    rebuild 1
    sha256 "70ed8ee7d011d192a9739d9a74057162a49d0ebf23d8f828805388828138e839" => :x86_64_linux
  end
==> Determining libbsd bottle rebuild...
==> Bottling libbsd-0.8.3.x86_64_linux.bottle.1.tar.gz...
./libbsd-0.8.3.x86_64_linux.bottle.1.tar.gz
  bottle do
    cellar :any_skip_relocation
    rebuild 1
    sha256 "ca5f61f3cf72316ae805daf791b591d1ac296e034260a85b16998431f9362ed4" => :x86_64_linux
  end
==> Determining libedit bottle rebuild...
==> Bottling libedit-20170329-3.1.x86_64_linux.bottle.1.tar.gz...
./libedit-20170329-3.1.x86_64_linux.bottle.1.tar.gz
  bottle do
    rebuild 1
    sha256 "5b21ef39c7fc4d8166433a287f9e9446533bcd94a7b3b526482b51dc55c51928" => :x86_64_linux
  end
==> Determining libffi bottle rebuild...
==> Bottling libffi-3.2.1.x86_64_linux.bottle.1.tar.gz...
./libffi-3.2.1.x86_64_linux.bottle.1.tar.gz
  bottle do
    cellar :any_skip_relocation
    rebuild 1
    sha256 "87f38e0cc549dade0c2425fcd3351176940bf44984bc81dfb196567ca385c918" => :x86_64_linux
  end
==> Determining libmpc bottle rebuild...
==> Bottling libmpc-1.0.3_1.x86_64_linux.bottle.1.tar.gz...
./libmpc-1.0.3_1.x86_64_linux.bottle.1.tar.gz
  bottle do
    rebuild 1
    sha256 "a47d7bbe5ea01b92798a7e4be1a34d9d9e3786df07e9f6bf9b7d8203c936b53e" => :x86_64_linux
  end
==> Determining libpng bottle rebuild...
==> Bottling libpng-1.6.31.x86_64_linux.bottle.1.tar.gz...
==> Detecting if libpng-1.6.31.x86_64_linux.bottle.1.tar.gz is relocatable...
./libpng-1.6.31.x86_64_linux.bottle.1.tar.gz
  bottle do
    rebuild 1
    sha256 "1309411debb183d2e85582f789a0d2f5d55087bc2dbce8e6c5f13dec7d3c90b3" => :x86_64_linux
  end
==> Determining libtool bottle rebuild...
==> Bottling libtool-2.4.6_2.x86_64_linux.bottle.1.tar.gz...
./libtool-2.4.6_2.x86_64_linux.bottle.1.tar.gz
  bottle do
    cellar :any_skip_relocation
    rebuild 1
    sha256 "1a249de6794c0d8e28aa1432416936c561248896436f3e51dbfd74066e0b6766" => :x86_64_linux
  end
==> Determining libxml2 bottle rebuild...
==> Bottling libxml2-2.9.4_3.x86_64_linux.bottle.1.tar.gz...
==> Detecting if libxml2-2.9.4_3.x86_64_linux.bottle.1.tar.gz is relocatable...
./libxml2-2.9.4_3.x86_64_linux.bottle.1.tar.gz
  bottle do
    rebuild 1
    sha256 "faa82fcc9129eeccfa1ede99886a4df2dea7a0bc7b7deaa483d3a3437d71dc12" => :x86_64_linux
  end
==> Determining libyaml bottle rebuild...
==> Bottling libyaml-0.1.7.x86_64_linux.bottle.1.tar.gz...
./libyaml-0.1.7.x86_64_linux.bottle.1.tar.gz
  bottle do
    cellar :any_skip_relocation
    rebuild 1
    sha256 "28500996045fd542e2e4debb70bd12246c3e4b48ef9e795687b3ed7a0ef0d1ea" => :x86_64_linux
  end
==> Determining llvm bottle rebuild...
==> Bottling llvm-4.0.1.x86_64_linux.bottle.1.tar.gz...
==> Detecting if llvm-4.0.1.x86_64_linux.bottle.1.tar.gz is relocatable...
./llvm-4.0.1.x86_64_linux.bottle.1.tar.gz
  bottle do
    rebuild 1
    sha256 "dc4b6262e09c9f8fd3829f1afc71a14b7f1b2c21a93cd2e9f701b20851028922" => :x86_64_linux
  end
==> Determining m4 bottle rebuild...
==> Bottling m4-1.4.18.x86_64_linux.bottle.1.tar.gz...
./m4-1.4.18.x86_64_linux.bottle.1.tar.gz
  bottle do
    rebuild 1
    sha256 "454571e4696488769540f1d8fe7fa597e12aff301cf1151230a76432db623f68" => :x86_64_linux
  end
This formula doesn't require compiling.
==> Determining mpfr bottle rebuild...
==> Bottling mpfr-3.1.5.x86_64_linux.bottle.1.tar.gz...
./mpfr-3.1.5.x86_64_linux.bottle.1.tar.gz
  bottle do
    cellar :any_skip_relocation
    rebuild 1
    sha256 "8f8f906795c484c41c9e0fde924e8a248b9eaaf4fefc2ef600693d998a43e9ab" => :x86_64_linux
  end
==> Determining ncurses bottle rebuild...
==> Bottling ncurses-6.0_3.x86_64_linux.bottle.1.tar.gz...
==> Detecting if ncurses-6.0_3.x86_64_linux.bottle.1.tar.gz is relocatable...
./ncurses-6.0_3.x86_64_linux.bottle.1.tar.gz
  bottle do
    rebuild 1
    sha256 "f3ef496eff0e0a965242d90b0d31cb934fc809ba3d7cd1f8732e006c4f875ac7" => :x86_64_linux
  end
==> Determining openssl bottle rebuild...
==> Bottling openssl-1.0.2l.x86_64_linux.bottle.1.tar.gz...
==> Detecting if openssl-1.0.2l.x86_64_linux.bottle.1.tar.gz is relocatable...
==> Determining openssl@1.1 bottle rebuild...
==> Bottling openssl@1.1-1.1.0f.x86_64_linux.bottle.1.tar.gz...
==> Detecting if openssl@1.1-1.1.0f.x86_64_linux.bottle.1.tar.gz is relocatable...
./openssl@1.1-1.1.0f.x86_64_linux.bottle.1.tar.gz
  bottle do
    rebuild 1
    sha256 "3bd06fc6440e10a2ffe1904246240678ddf4262901f823d25068cf75f6a0c089" => :x86_64_linux
  end
==> Determining patchelf bottle rebuild...
==> Bottling patchelf-0.9_1.x86_64_linux.bottle.1.tar.gz...
./patchelf-0.9_1.x86_64_linux.bottle.1.tar.gz
  bottle do
    rebuild 1
    sha256 "018a524c0528e6be64066046c8d2c3a023c1fb172670842d4483ebda91c326d0" => :x86_64_linux
  end
==> Determining pcre bottle rebuild...
==> Bottling pcre-8.41.x86_64_linux.bottle.1.tar.gz...
==> Detecting if pcre-8.41.x86_64_linux.bottle.1.tar.gz is relocatable...
./pcre-8.41.x86_64_linux.bottle.1.tar.gz
  bottle do
    rebuild 1
    sha256 "ba50f29cba88ceab96fbce1f38c35429e8a3e3c8ad73e964abb9de06c768238a" => :x86_64_linux
  end
==> Determining perl bottle rebuild...
==> Bottling perl-5.26.0.x86_64_linux.bottle.1.tar.gz...
==> Detecting if perl-5.26.0.x86_64_linux.bottle.1.tar.gz is relocatable...
./perl-5.26.0.x86_64_linux.bottle.1.tar.gz
  bottle do
    rebuild 1
    sha256 "efe28bcdc86e51edfa0e95a9dd225620fdfde37e6fa5d371b1bbe55661c29ac8" => :x86_64_linux
  end
==> Determining pixman bottle rebuild...
==> Bottling pixman-0.34.0_1.x86_64_linux.bottle.1.tar.gz...
==> Detecting if pixman-0.34.0_1.x86_64_linux.bottle.1.tar.gz is relocatable...
./pixman-0.34.0_1.x86_64_linux.bottle.1.tar.gz
  bottle do
    cellar :any_skip_relocation
    rebuild 1
    sha256 "377fa677b55676b2d865524116cbd67283f782f0e75a92b8ab28baec92ceac1b" => :x86_64_linux
  end
==> Determining pkg-config bottle rebuild...
==> Bottling pkg-config-0.29.2.x86_64_linux.bottle.1.tar.gz...
./pkg-config-0.29.2.x86_64_linux.bottle.1.tar.gz
  bottle do
    rebuild 1
    sha256 "55ebf3de828b09b29a0a0ee58ee01efdf22344ce437c04d38c598a65c262b726" => :x86_64_linux
  end
==> Determining protobuf bottle rebuild...
==> Bottling protobuf-3.3.2.x86_64_linux.bottle.1.tar.gz...
==> Detecting if protobuf-3.3.2.x86_64_linux.bottle.1.tar.gz is relocatable...
./protobuf-3.3.2.x86_64_linux.bottle.1.tar.gz
  bottle do
    rebuild 1
    sha256 "5d4d920cb49eda79fe1ae1bf46f11c0a14ad5ce149952572c87e64b17d0d9546" => :x86_64_linux
  end
==> Determining python bottle rebuild...
==> Bottling python-2.7.13_1.x86_64_linux.bottle.1.tar.gz...
==> Detecting if python-2.7.13_1.x86_64_linux.bottle.1.tar.gz is relocatable...
./python-2.7.13_1.x86_64_linux.bottle.1.tar.gz
  bottle do
    rebuild 1
    sha256 "45df2d55e14addc687fc48daded6d93ae809041324f60cdc2dd148e7caac5507" => :x86_64_linux
  end
==> Determining python3 bottle rebuild...
==> Bottling python3-3.6.2.x86_64_linux.bottle.1.tar.gz...
==> Determining readline bottle rebuild...
==> Bottling readline-7.0.3_1.x86_64_linux.bottle.1.tar.gz...
./readline-7.0.3_1.x86_64_linux.bottle.1.tar.gz
  bottle do
    cellar :any_skip_relocation
    rebuild 1
    sha256 "fb05ed62126d2334b165ce98721b07fd8945b7eaff9a507f0d0cd8370e4230a4" => :x86_64_linux
  end
==> Determining ruby bottle rebuild...
==> Bottling ruby-2.4.1_1.x86_64_linux.bottle.1.tar.gz...
This formula doesn't require compiling.
==> Determining sqlite bottle rebuild...
==> Bottling sqlite-3.20.0.x86_64_linux.bottle.1.tar.gz...
==> Detecting if sqlite-3.20.0.x86_64_linux.bottle.1.tar.gz is relocatable...
./sqlite-3.20.0.x86_64_linux.bottle.1.tar.gz
  bottle do
    rebuild 1
    sha256 "3f7038f8a092fc3b6a8930116acac064c28f3992f95adc7866450a93a0b7fe90" => :x86_64_linux
  end
==> Determining unzip bottle rebuild...
==> Bottling unzip-6.0_3.x86_64_linux.bottle.1.tar.gz...
./unzip-6.0_3.x86_64_linux.bottle.1.tar.gz
  bottle do
    cellar :any_skip_relocation
    rebuild 1
    sha256 "d35d27e8611cb7ba595f9d9912c9c2b6fe0ff24196f770896aeeb3ed281e1809" => :x86_64_linux
  end
==> Determining util-linux bottle rebuild...
==> Bottling util-linux-2.29_1.x86_64_linux.bottle.1.tar.gz...
==> Detecting if util-linux-2.29_1.x86_64_linux.bottle.1.tar.gz is relocatable...
./util-linux-2.29_1.x86_64_linux.bottle.1.tar.gz
  bottle do
    rebuild 1
    sha256 "04eb1ff4bb879c51ff5d1c8a6ec5c6d253c7754ac6d2080ff063112d440ef882" => :x86_64_linux
  end
==> Determining wget bottle rebuild...
==> Bottling wget-1.19.1_1.x86_64_linux.bottle.1.tar.gz...
==> Detecting if wget-1.19.1_1.x86_64_linux.bottle.1.tar.gz is relocatable...
./wget-1.19.1_1.x86_64_linux.bottle.1.tar.gz
  bottle do
    rebuild 1
    sha256 "6f60e07c00a04eeb31f1c5d92d3a65fdc83569f87240717a57ab21a85558f527" => :x86_64_linux
  end
==> Determining xz bottle rebuild...
==> Bottling xz-5.2.3.x86_64_linux.bottle.1.tar.gz...
./xz-5.2.3.x86_64_linux.bottle.1.tar.gz
  bottle do
    rebuild 1
    sha256 "bbe8adf39590ca8e2a63cd0332dfe0324ac809de337a7a2aa0c24d115fb3dbd6" => :x86_64_linux
  end
==> Determining zlib bottle rebuild...
==> Bottling zlib-1.2.11.x86_64_linux.bottle.1.tar.gz...
./zlib-1.2.11.x86_64_linux.bottle.1.tar.gz
  bottle do
    cellar :any_skip_relocation
    rebuild 1
    sha256 "592a7fb75cb082a01962b9901fa83f335d60fd3600d37e664144baa2867209bb" => :x86_64_linux
  end
